<?xml version="1.0" encoding="UTF-8" ?>
<testsuite tests="8" failures="0" name="eu.jpereira.trainings.designpatterns.structural.adapter.thirdparty.ThirdPartyDoorTest" time="0" errors="0" skipped="0">
  <properties>
    <property name="java.runtime.name" value="Java(TM) SE Runtime Environment"/>
    <property name="java.vm.version" value="17+35-LTS-2724"/>
    <property name="sun.boot.library.path" value="C:\Program Files\Java\jdk-17\bin"/>
    <property name="maven.multiModuleProjectDirectory" value="C:/Users/Maurycy/Desktop/Studia/Technologia Programowania/Laby/TP lab03/adapter_lab03/adapter"/>
    <property name="java.vm.vendor" value="Oracle Corporation"/>
    <property name="java.vendor.url" value="https://java.oracle.com/"/>
    <property name="guice.disable.misplaced.annotation.check" value="true"/>
    <property name="path.separator" value=";"/>
    <property name="java.vm.name" value="Java HotSpot(TM) 64-Bit Server VM"/>
    <property name="sun.os.patch.level" value=""/>
    <property name="user.script" value=""/>
    <property name="user.country" value="PL"/>
    <property name="sun.java.launcher" value="SUN_STANDARD"/>
    <property name="java.vm.specification.name" value="Java Virtual Machine Specification"/>
    <property name="user.dir" value="C:\Users\Maurycy\Desktop\Studia\Technologia Programowania\Laby\TP lab03\adapter_lab03\adapter"/>
    <property name="java.vm.compressedOopsMode" value="Zero based"/>
    <property name="java.runtime.version" value="17+35-LTS-2724"/>
    <property name="os.arch" value="amd64"/>
    <property name="java.io.tmpdir" value="C:\Users\Maurycy\AppData\Local\Temp\"/>
    <property name="line.separator" value="
"/>
    <property name="java.vm.specification.vendor" value="Oracle Corporation"/>
    <property name="user.variant" value=""/>
    <property name="os.name" value="Windows 10"/>
    <property name="classworlds.conf" value="C:/Users/Maurycy/Downloads/apache-maven-3.8.3/bin/m2.conf"/>
    <property name="sun.jnu.encoding" value="Cp1250"/>
    <property name="java.library.path" value="C:\Program Files\Java\jdk-17\bin;C:\WINDOWS\Sun\Java\bin;C:\WINDOWS\system32;C:\WINDOWS;C:\Users\Maurycy\bin;C:\Program Files\Git\mingw64\bin;C:\Program Files\Git\usr\local\bin;C:\Program Files\Git\usr\bin;C:\Program Files\Git\usr\bin;C:\Program Files\Git\mingw64\bin;C:\Program Files\Git\usr\bin;C:\Users\Maurycy\bin;C:\Program Files\Common Files\Oracle\Java\javapath;C:\WINDOWS\system32;C:\WINDOWS;C:\WINDOWS\System32\Wbem;C:\WINDOWS\System32\WindowsPowerShell\v1.0;C:\WINDOWS\System32\OpenSSH;C:\Program Files\MinGW\bin;C:\Program Files\Java\jdk-17\bin;C:\Program Files\LLVM\bin;C:\Program Files (x86)\Calibre2;C:\Program Files\dotnet;C:\Program Files\TortoiseSVN\bin;C:\Program Files\Git\cmd;C:\Program Files\MySQL\MySQL Shell 8.0\bin;C:\Users\Maurycy\AppData\Local\Programs\Python\Python310\Scripts;C:\Users\Maurycy\AppData\Local\Programs\Python\Python310;C:\Users\Maurycy\AppData\Local\Programs\AdoptOpenJDK\jdk-11.0.10.9-hotspot\bin;C:\Users\Maurycy\AppData\Local\Microsoft\WindowsApps;C:\Users\Maurycy\AppData\Local\Programs\Microsoft VS Code\bin;C:\Program Files\JetBrains\IntelliJ IDEA 2020.3.2\bin;C:\Program Files\Java\jdk-17\bin;C:\Users\Maurycy\.dotnet\tools;C:\Users\Maurycy\Downloads\apache-maven-3.8.3\bin;C:\Program Files\Java\jdk-17\bin;C:\Program Files\Git\usr\bin\vendor_perl;C:\Program Files\Git\usr\bin\core_perl;."/>
    <property name="maven.conf" value="C:/Users/Maurycy/Downloads/apache-maven-3.8.3/conf"/>
    <property name="jdk.debug" value="release"/>
    <property name="java.class.version" value="61.0"/>
    <property name="java.specification.name" value="Java Platform API Specification"/>
    <property name="sun.management.compiler" value="HotSpot 64-Bit Tiered Compilers"/>
    <property name="os.version" value="10.0"/>
    <property name="library.jansi.path" value="C:/Users/Maurycy/Downloads/apache-maven-3.8.3/lib/jansi-native"/>
    <property name="user.home" value="C:\Users\Maurycy"/>
    <property name="user.timezone" value="Europe/Warsaw"/>
    <property name="file.encoding" value="Cp1250"/>
    <property name="java.specification.version" value="17"/>
    <property name="user.name" value="Maurycy"/>
    <property name="java.class.path" value="C:/Users/Maurycy/Downloads/apache-maven-3.8.3/boot/plexus-classworlds-2.6.0.jar"/>
    <property name="java.vm.specification.version" value="17"/>
    <property name="sun.arch.data.model" value="64"/>
    <property name="sun.java.command" value="org.codehaus.plexus.classworlds.launcher.Launcher test"/>
    <property name="java.home" value="C:\Program Files\Java\jdk-17"/>
    <property name="user.language" value="pl"/>
    <property name="java.specification.vendor" value="Oracle Corporation"/>
    <property name="java.vm.info" value="mixed mode, sharing"/>
    <property name="java.version" value="17"/>
    <property name="native.encoding" value="Cp1250"/>
    <property name="java.vendor" value="Oracle Corporation"/>
    <property name="maven.home" value="C:\Users\Maurycy\Downloads\apache-maven-3.8.3"/>
    <property name="file.separator" value="\"/>
    <property name="java.version.date" value="2021-09-14"/>
    <property name="java.vendor.url.bug" value="https://bugreport.java.com/bugreport/"/>
    <property name="sun.io.unicode.encoding" value="UnicodeLittle"/>
    <property name="sun.cpu.endian" value="little"/>
    <property name="sun.cpu.isalist" value="amd64"/>
  </properties>
  <testcase classname="eu.jpereira.trainings.designpatterns.structural.adapter.thirdparty.ThirdPartyDoorTest" name="changeCode" time="0"/>
  <testcase classname="eu.jpereira.trainings.designpatterns.structural.adapter.thirdparty.ThirdPartyDoorTest" name="openDoor" time="0"/>
  <testcase classname="eu.jpereira.trainings.designpatterns.structural.adapter.thirdparty.ThirdPartyDoorTest" name="testLockDoor" time="0"/>
  <testcase classname="eu.jpereira.trainings.designpatterns.structural.adapter.thirdparty.ThirdPartyDoorTest" name="testUnlockDoor" time="0"/>
  <testcase classname="eu.jpereira.trainings.designpatterns.structural.adapter.thirdparty.ThirdPartyDoorTest" name="cannotChangeCodeForLockedDoor" time="0"/>
  <testcase classname="eu.jpereira.trainings.designpatterns.structural.adapter.thirdparty.ThirdPartyDoorTest" name="testUnlockDoorIncorrectCode" time="0"/>
  <testcase classname="eu.jpereira.trainings.designpatterns.structural.adapter.thirdparty.ThirdPartyDoorTest" name="defaultDoorStateShouldBeClosed" time="0"/>
  <testcase classname="eu.jpereira.trainings.designpatterns.structural.adapter.thirdparty.ThirdPartyDoorTest" name="cannotOpenLockedDoor" time="0"/>
</testsuite>